[ 50%] Building CXX object CMakeFiles/bin/mechanism_controller_test.dir/src/mechanism_controller_test.o
In file included from /home/rosbuild/.hudson/jobs/personalrobots-stable-update/workspace/personalrobots/stacks/mechanism/mechanism_control/include/mechanism_control/mechanism_control.h:46,
                 from /home/rosbuild/.hudson/jobs/personalrobots-stable-update/workspace/personalrobots/controllers/mechanism_controller_test/src/mechanism_controller_test.cpp:37:
/home/rosbuild/.hudson/jobs/personalrobots-stable-update/workspace/personalrobots/deprecated/misc_utils/include/misc_utils/advertised_service_guard.h: In destructor 'AdvertisedServiceGuard::~AdvertisedServiceGuard()':
/home/rosbuild/.hudson/jobs/personalrobots-stable-update/workspace/personalrobots/deprecated/misc_utils/include/misc_utils/advertised_service_guard.h:53: warning: 'instance' is deprecated (declared at /home/rosbuild/.hudson/jobs/personalrobots-stable-update/workspace/ros/core/roscpp/include/ros/node.h:123)
/home/rosbuild/.hudson/jobs/personalrobots-stable-update/workspace/personalrobots/deprecated/misc_utils/include/misc_utils/advertised_service_guard.h:53: warning: 'unadvertiseService' is deprecated (declared at /home/rosbuild/.hudson/jobs/personalrobots-stable-update/workspace/ros/core/roscpp/include/ros/node.h:602)
/home/rosbuild/.hudson/jobs/personalrobots-stable-update/workspace/personalrobots/controllers/mechanism_controller_test/src/mechanism_controller_test.cpp: In function 'void controlLoop()':
/home/rosbuild/.hudson/jobs/personalrobots-stable-update/workspace/personalrobots/controllers/mechanism_controller_test/src/mechanism_controller_test.cpp:50: error: 'MechanismControl' was not declared in this scope
/home/rosbuild/.hudson/jobs/personalrobots-stable-update/workspace/personalrobots/controllers/mechanism_controller_test/src/mechanism_controller_test.cpp:50: error: expected `;' before 'mc'
/home/rosbuild/.hudson/jobs/personalrobots-stable-update/workspace/personalrobots/controllers/mechanism_controller_test/src/mechanism_controller_test.cpp:63: warning: 'instance' is deprecated (declared at /home/rosbuild/.hudson/jobs/personalrobots-stable-update/workspace/ros/core/roscpp/include/ros/node.h:123)
/home/rosbuild/.hudson/jobs/personalrobots-stable-update/workspace/personalrobots/controllers/mechanism_controller_test/src/mechanism_controller_test.cpp:65: warning: 'instance' is deprecated (declared at /home/rosbuild/.hudson/jobs/personalrobots-stable-update/workspace/ros/core/roscpp/include/ros/node.h:123)
/home/rosbuild/.hudson/jobs/personalrobots-stable-update/workspace/personalrobots/controllers/mechanism_controller_test/src/mechanism_controller_test.cpp:65: warning: 'getParam' is deprecated (declared at /home/rosbuild/.hudson/jobs/personalrobots-stable-update/workspace/ros/core/roscpp/include/ros/node.h:1129)
/home/rosbuild/.hudson/jobs/personalrobots-stable-update/workspace/personalrobots/controllers/mechanism_controller_test/src/mechanism_controller_test.cpp:85: error: 'mc' was not declared in this scope
/home/rosbuild/.hudson/jobs/personalrobots-stable-update/workspace/personalrobots/controllers/mechanism_controller_test/src/mechanism_controller_test.cpp: In function 'int main(int, char**)':
/home/rosbuild/.hudson/jobs/personalrobots-stable-update/workspace/personalrobots/controllers/mechanism_controller_test/src/mechanism_controller_test.cpp:101: warning: 'init' is deprecated (declared at /home/rosbuild/.hudson/jobs/personalrobots-stable-update/workspace/ros/core/roscpp/include/ros/node.h:1363)
/home/rosbuild/.hudson/jobs/personalrobots-stable-update/workspace/personalrobots/controllers/mechanism_controller_test/src/mechanism_controller_test.cpp:121: warning: '__comp_ctor ' is deprecated (declared at /home/rosbuild/.hudson/jobs/personalrobots-stable-update/workspace/ros/core/roscpp/include/ros/node.h:113)
/opt/boost/include/boost-1_37/boost/concept_check.hpp: At global scope:
/opt/boost/include/boost-1_37/boost/concept_check.hpp: In instantiation of 'boost::UnaryFunction<boost::numeric::functional::as_min<const double, void>, double, const double&>':
/opt/boost/include/boost-1_37/boost/concept/detail/has_constraints.hpp:40:   instantiated from 'const bool boost::concept::not_satisfied<boost::UnaryFunction<boost::numeric::functional::as_min<const double, void>, double, const double&> >::value'
/opt/boost/include/boost-1_37/boost/concept/detail/has_constraints.hpp:43:   instantiated from 'boost::concept::not_satisfied<boost::UnaryFunction<boost::numeric::functional::as_min<const double, void>, double, const double&> >'
/opt/boost/include/boost-1_37/boost/mpl/if.hpp:67:   instantiated from 'boost::mpl::if_<boost::concept::not_satisfied<boost::UnaryFunction<boost::numeric::functional::as_min<const double, void>, double, const double&> >, boost::concept::constraint<boost::UnaryFunction<boost::numeric::functional::as_min<const double, void>, double, const double&> >, boost::concept::requirement<boost::UnaryFunction<boost::numeric::functional::as_min<const double, void>, double, const double&> > >'
/opt/boost/include/boost-1_37/boost/concept/detail/general.hpp:19:   instantiated from 'boost::concept::requirement_<void (*)(boost::UnaryFunction<boost::numeric::functional::as_min<const double, void>, double, const double&>)>'
/opt/boost/include/boost-1_37/boost/accumulators/numeric/detail/function1.hpp:67:   instantiated from 'typename boost::detail::function1<F>::result<boost::detail::function1<F> ()(const A0&)>::type boost::detail::function1<F>::operator()(const A0&) const [with A0 = double, F = boost::numeric::functional::as_min<mpl_::arg<-0x00000000000000001>, boost::numeric::functional::tag<mpl_::arg<-0x00000000000000001> > >]'
/opt/boost/include/boost-1_37/boost/accumulators/statistics/max.hpp:36:   instantiated from 'boost::accumulators::impl::max_impl<Sample>::max_impl(const Args&) [with Args = boost::parameter::aux::arg_list<boost::parameter::aux::tagged_argument<boost::accumulators::tag::accumulator, boost::accumulators::accumulator_set<double, boost::accumulators::stats<boost::accumulators::tag::max, boost::accumulators::tag::mean, boost::accumulators::tag::variance, mpl_::na, mpl_::na, mpl_::na, mpl_::na, mpl_::na, mpl_::na, mpl_::na, mpl_::na, mpl_::na, mpl_::na, mpl_::na, mpl_::na, mpl_::na, mpl_::na, mpl_::na, mpl_::na, mpl_::na>, void> >, boost::parameter::aux::empty_arg_list>, Sample = double]'
/opt/boost/include/boost-1_37/boost/accumulators/framework/depends_on.hpp:282:   instantiated from 'boost::accumulators::detail::accumulator_wrapper<Accumulator, Feature>::accumulator_wrapper(const Args&) [with Args = boost::parameter::aux::arg_list<boost::parameter::aux::tagged_argument<boost::accumulators::tag::accumulator, boost::accumulators::accumulator_set<double, boost::accumulators::stats<boost::accumulators::tag::max, boost::accumulators::tag::mean, boost::accumulators::tag::variance, mpl_::na, mpl_::na, mpl_::na, mpl_::na, mpl_::na, mpl_::na, mpl_::na, mpl_::na, mpl_::na, mpl_::na, mpl_::na, mpl_::na, mpl_::na, mpl_::na, mpl_::na, mpl_::na, mpl_::na>, void> >, boost::parameter::aux::empty_arg_list>, Accumulator = boost::accumulators::impl::max_impl<double>, Feature = boost::accumulators::tag::max]'
/opt/boost/include/boost-1_37/boost/accumulators/framework/depends_on.hpp:215:   instantiated from 'static boost::fusion::cons<typename boost::fusion::result_of::value_of<Iterator>::type, typename boost::accumulators::detail::build_acc_list<typename boost::fusion::result_of::next<Iterator>::type, Last, boost::fusion::result_of::equal_to<typename boost::fusion::result_of::next<Iterator>::type,Last>::value>::type> boost::accumulators::detail::build_acc_list<First, Last, false>::call(const Args&, const First&, const Last&) [with Args = boost::parameter::aux::arg_list<boost::parameter::aux::tagged_argument<boost::accumulators::tag::accumulator, boost::accumulators::accumulator_set<double, boost::accumulators::stats<boost::accumulators::tag::max, boost::accumulators::tag::mean, boost::accumulators::tag::variance, mpl_::na, mpl_::na, mpl_::na, mpl_::na, mpl_::na, mpl_::na, mpl_::na, mpl_::na, mpl_::na, mpl_::na, mpl_::na, mpl_::na, mpl_::na, mpl_::na, mpl_::na, mpl_::na, mpl_::na>, void> >,
boost::parameter::aux::empty_arg_list>, First = boost::fusion::mpl_iterator<boost::mpl::v_iter<boost::mpl::v_item<boost::accumulators::detail::accumulator_wrapper<boost::accumulators::impl::variance_impl<double, boost::accumulators::tag::mean, boost::accumulators::tag::sample>, boost::accumulators::tag::variance>, boost::mpl::v_item<boost::accumulators::detail::accumulator_wrapper<boost::accumulators::impl::mean_impl<double, boost::accumulators::tag::sum>, boost::accumulators::tag::mean>, boost::mpl::v_item<boost::accumulators::detail::accumulator_wrapper<boost::accumulators::impl::sum_impl<double, boost::accumulators::tag::sample>, boost::accumulators::tag::sum>, boost::mpl::v_item<boost::accumulators::detail::accumulator_wrapper<boost::accumulators::impl::count_impl, boost::accumulators::tag::count>, boost::mpl::v_item<boost::accumulators::detail::accumulator_wrapper<boost::accumulators::impl::max_impl<double>, boost::accumulators::tag::max>, boost::mpl::vector0<mpl_::na>, 0>, 0>,
0>, 0>, 0>, 0l> >, Last = boost::fusion::mpl_iterator<boost::mpl::v_iter<boost::mpl::v_item<boost::accumulators::detail::accumulator_wrapper<boost::accumulators::impl::variance_impl<double, boost::accumulators::tag::mean, boost::accumulators::tag::sample>, boost::accumulators::tag::variance>, boost::mpl::v_item<boost::accumulators::detail::accumulator_wrapper<boost::accumulators::impl::mean_impl<double, boost::accumulators::tag::sum>, boost::accumulators::tag::mean>, boost::mpl::v_item<boost::accumulators::detail::accumulator_wrapper<boost::accumulators::impl::sum_impl<double, boost::accumulators::tag::sample>, boost::accumulators::tag::sum>, boost::mpl::v_item<boost::accumulators::detail::accumulator_wrapper<boost::accumulators::impl::count_impl, boost::accumulators::tag::count>, boost::mpl::v_item<boost::accumulators::detail::accumulator_wrapper<boost::accumulators::impl::max_impl<double>, boost::accumulators::tag::max>, boost::mpl::vector0<mpl_::na>, 0>, 0>, 0>, 0>, 0>, 5l> >]'
/opt/boost/include/boost-1_37/boost/accumulators/framework/depends_on.hpp:234:   instantiated from 'typename boost::accumulators::detail::meta::make_acc_list<Sequence>::type boost::accumulators::detail::make_acc_list(const Sequence&, const Args&) [with Sequence = boost::mpl::v_item<boost::accumulators::detail::accumulator_wrapper<boost::accumulators::impl::variance_impl<double, boost::accumulators::tag::mean, boost::accumulators::tag::sample>, boost::accumulators::tag::variance>, boost::mpl::v_item<boost::accumulators::detail::accumulator_wrapper<boost::accumulators::impl::mean_impl<double, boost::accumulators::tag::sum>, boost::accumulators::tag::mean>, boost::mpl::v_item<boost::accumulators::detail::accumulator_wrapper<boost::accumulators::impl::sum_impl<double, boost::accumulators::tag::sample>, boost::accumulators::tag::sum>, boost::mpl::v_item<boost::accumulators::detail::accumulator_wrapper<boost::accumulators::impl::count_impl, boost::accumulators::tag::count>,
boost::mpl::v_item<boost::accumulators::detail::accumulator_wrapper<boost::accumulators::impl::max_impl<double>, boost::accumulators::tag::max>, boost::mpl::vector0<mpl_::na>, 0>, 0>, 0>, 0>, 0>, Args = boost::parameter::aux::arg_list<boost::parameter::aux::tagged_argument<boost::accumulators::tag::accumulator, boost::accumulators::accumulator_set<double, boost::accumulators::stats<boost::accumulators::tag::max, boost::accumulators::tag::mean, boost::accumulators::tag::variance, mpl_::na, mpl_::na, mpl_::na, mpl_::na, mpl_::na, mpl_::na, mpl_::na, mpl_::na, mpl_::na, mpl_::na, mpl_::na, mpl_::na, mpl_::na, mpl_::na, mpl_::na, mpl_::na, mpl_::na>, void> >, boost::parameter::aux::empty_arg_list>]'
/opt/boost/include/boost-1_37/boost/accumulators/framework/accumulator_set.hpp:145:   instantiated from 'boost::accumulators::accumulator_set<Sample, Features, Weight>::accumulator_set() [with Sample = double, Features = boost::accumulators::stats<boost::accumulators::tag::max, boost::accumulators::tag::mean, boost::accumulators::tag::variance, mpl_::na, mpl_::na, mpl_::na, mpl_::na, mpl_::na, mpl_::na, mpl_::na, mpl_::na, mpl_::na, mpl_::na, mpl_::na, mpl_::na, mpl_::na, mpl_::na, mpl_::na, mpl_::na, mpl_::na>, Weight = void]'
/home/rosbuild/.hudson/jobs/personalrobots-stable-update/workspace/personalrobots/stacks/mechanism/mechanism_control/include/mechanism_control/controller_spec.h:57:   instantiated from here
/opt/boost/include/boost-1_37/boost/concept_check.hpp:325: warning: non-static reference 'const double& boost::UnaryFunction<boost::numeric::functional::as_min<const double, void>, double, const double&>::arg' in class without a constructor
make[3]: *** [CMakeFiles/bin/mechanism_controller_test.dir/src/mechanism_controller_test.o] Error 1
make[3]: Leaving directory `/home/rosbuild/.hudson/jobs/personalrobots-stable-update/workspace/personalrobots/controllers/mechanism_controller_test/build'
make[2]: Leaving directory `/home/rosbuild/.hudson/jobs/personalrobots-stable-update/workspace/personalrobots/controllers/mechanism_controller_test/build'
make[1]: Leaving directory `/home/rosbuild/.hudson/jobs/personalrobots-stable-update/workspace/personalrobots/controllers/mechanism_controller_test/build'
make[2]: *** [CMakeFiles/bin/mechanism_controller_test.dir/all] Error 2
make[1]: *** [all] Error 2
make: *** [all] Error 2
[rosmakeall-buildfail] Build of mechanism_controller_test failed

