make[3]: Entering directory
`/home/rosbuild/.hudson/jobs/personalrobots-stable-update/workspace/personalrobots/nav/people_aware_nav/build'
[ 85%] Building CXX object
CMakeFiles/move_base_constrained.dir/src/move_base_constrained.o
/home/rosbuild/.hudson/jobs/personalrobots-stable-update/workspace/personalrobots/nav/base_local_planner/include/base_local_planner/trajectory_planner_ros.h:
In member function 'virtual robot_actions::ResultStatus
people_aware_nav::MoveBaseConstrained::execute(const
people_aware_nav::ConstrainedGoal&, robot_actions::Pose2D&)':
/home/rosbuild/.hudson/jobs/personalrobots-stable-update/workspace/personalrobots/nav/base_local_planner/include/base_local_planner/trajectory_planner_ros.h:133:
error: 'bool base_local_planner::TrajectoryPlannerROS::stopped()' is
private
/home/rosbuild/.hudson/jobs/personalrobots-stable-update/workspace/personalrobots/nav/people_aware_nav/src/move_base_constrained.cpp:282:
error: within this context
make[3]: ***
[CMakeFiles/move_base_constrained.dir/src/move_base_constrained.o] Error 1
make[3]: Leaving directory
`/home/rosbuild/.hudson/jobs/personalrobots-stable-update/workspace/personalrobots/nav/people_aware_nav/build'
make[2]: Leaving directory
`/home/rosbuild/.hudson/jobs/personalrobots-stable-update/workspace/personalrobots/nav/people_aware_nav/build'
make[1]: Leaving directory
`/home/rosbuild/.hudson/jobs/personalrobots-stable-update/workspace/personalrobots/nav/people_aware_nav/build'
make[2]: *** [CMakeFiles/move_base_constrained.dir/all] Error 2
make[1]: *** [all] Error 2
make: *** [all] Error 2
[rosmakeall-buildfail] Build of people_aware_nav failed

